Output of:
i686-gcc -Wall -Wshadow -Wwrite-strings -Wundef -Wstrict-prototypes -Wunused -Wunused-parameter -Wunused-function -Wunused-value -Wmissing-prototypes -Wmissing-declarations -Wno-format-security -Wdeclaration-after-statement -Wold-style-definition -fno-builtin-strlen -finline-limit=0 -fomit-frame-pointer -ffunction-sections -fdata-sections -fno-guess-branch-probability -funsigned-char -static-libgcc -falign-functions=1 -falign-jumps=1 -falign-labels=1 -falign-loops=1 -fno-unwind-tables -fno-asynchronous-unwind-tables -fno-builtin-printf -Os -march=i386 -mpreferred-stack-boundary=2 -static -o busybox_unstripped -Wl,--sort-common -Wl,--sort-section,alignment -Wl,--gc-sections -Wl,--start-group applets/built-in.o archival/lib.a archival/libarchive/lib.a console-tools/lib.a coreutils/lib.a coreutils/libcoreutils/lib.a debianutils/lib.a e2fsprogs/lib.a editors/lib.a findutils/lib.a init/lib.a libbb/lib.a libpwdgrp/lib.a loginutils/lib.a mailutils/lib.a miscutils/lib.a modutils/lib.a networking/lib.a networking/libiproute/lib.a networking/udhcp/lib.a printutils/lib.a procps/lib.a runit/lib.a selinux/lib.a shell/lib.a sysklogd/lib.a util-linux/lib.a util-linux/volume_id/lib.a archival/built-in.o archival/libarchive/built-in.o console-tools/built-in.o coreutils/built-in.o coreutils/libcoreutils/built-in.o debianutils/built-in.o e2fsprogs/built-in.o editors/built-in.o findutils/built-in.o init/built-in.o libbb/built-in.o libpwdgrp/built-in.o loginutils/built-in.o mailutils/built-in.o miscutils/built-in.o modutils/built-in.o networking/built-in.o networking/libiproute/built-in.o networking/udhcp/built-in.o printutils/built-in.o procps/built-in.o runit/built-in.o selinux/built-in.o shell/built-in.o sysklogd/built-in.o util-linux/built-in.o util-linux/volume_id/built-in.o -Wl,--end-group -Wl,--start-group -Wl,--end-group -Wl,--warn-common -Wl,-Map,busybox_unstripped.map -Wl,--verbose
==========
GNU ld (GNU Binutils) 2.17.50.20070703
  Supported emulations:
   elf_i386
   i386linux
using internal linker script:
==================================================
/* Script for -z combreloc: combine and sort reloc sections */
OUTPUT_FORMAT("elf32-i386", "elf32-i386",
	      "elf32-i386")
OUTPUT_ARCH(i386)
ENTRY(_start)
SEARCH_DIR("/home/landley/aboriginal/aboriginal/build/cross-compiler-i686/i686-unknown-linux/lib"); SEARCH_DIR("lib");
SECTIONS
{
  /* Read-only sections, merged into text segment: */
  PROVIDE (__executable_start = 0x08048000); . = 0x08048000 + SIZEOF_HEADERS;
  .interp         : { *(.interp) }
  .hash           : { *(.hash) }
  .gnu.hash       : { *(.gnu.hash) }
  .dynsym         : { *(.dynsym) }
  .dynstr         : { *(.dynstr) }
  .gnu.version    : { *(.gnu.version) }
  .gnu.version_d  : { *(.gnu.version_d) }
  .gnu.version_r  : { *(.gnu.version_r) }
  .rel.dyn        :
    {
      *(.rel.init)
      *(.rel.text .rel.text.* .rel.gnu.linkonce.t.*)
      *(.rel.fini)
      *(.rel.rodata .rel.rodata.* .rel.gnu.linkonce.r.*)
      *(.rel.data.rel.ro* .rel.gnu.linkonce.d.rel.ro.*)
      *(.rel.data .rel.data.* .rel.gnu.linkonce.d.*)
      *(.rel.tdata .rel.tdata.* .rel.gnu.linkonce.td.*)
      *(.rel.tbss .rel.tbss.* .rel.gnu.linkonce.tb.*)
      *(.rel.ctors)
      *(.rel.dtors)
      *(.rel.got)
      *(.rel.bss .rel.bss.* .rel.gnu.linkonce.b.*)
    }
  .rela.dyn       :
    {
      *(.rela.init)
      *(.rela.text .rela.text.* .rela.gnu.linkonce.t.*)
      *(.rela.fini)
      *(.rela.rodata .rela.rodata.* .rela.gnu.linkonce.r.*)
      *(.rela.data .rela.data.* .rela.gnu.linkonce.d.*)
      *(.rela.tdata .rela.tdata.* .rela.gnu.linkonce.td.*)
      *(.rela.tbss .rela.tbss.* .rela.gnu.linkonce.tb.*)
      *(.rela.ctors)
      *(.rela.dtors)
      *(.rela.got)
      *(.rela.bss .rela.bss.* .rela.gnu.linkonce.b.*)
    }
  .rel.plt        : { *(.rel.plt) }
  .rela.plt       : { *(.rela.plt) }
  .init           :
  {
    KEEP (*(.init))
  } =0x90909090
  .plt            : { *(.plt) }
  .text           :
  {
    *(.text .stub .text.* .gnu.linkonce.t.*)
    KEEP (*(.text.*personality*))
    /* .gnu.warning sections are handled specially by elf32.em.  */
    *(.gnu.warning)
  } =0x90909090
  .fini           :
  {
    KEEP (*(.fini))
  } =0x90909090
  PROVIDE (__etext = .);
  PROVIDE (_etext = .);
  PROVIDE (etext = .);
  .rodata         : { *(.rodata .rodata.* .gnu.linkonce.r.*) }
  .rodata1        : { *(.rodata1) }
  .eh_frame_hdr : { *(.eh_frame_hdr) }
  .eh_frame       : ONLY_IF_RO { KEEP (*(.eh_frame)) }
  .gcc_except_table   : ONLY_IF_RO { *(.gcc_except_table .gcc_except_table.*) }
  /* Adjust the address for the data segment.  We want to adjust up to
     the same address within the page on the next page up.  */
  . = ALIGN (CONSTANT (MAXPAGESIZE)) - ((CONSTANT (MAXPAGESIZE) - .) & (CONSTANT (MAXPAGESIZE) - 1)); . = DATA_SEGMENT_ALIGN (CONSTANT (MAXPAGESIZE), CONSTANT (COMMONPAGESIZE));
  /* Exception handling  */
  .eh_frame       : ONLY_IF_RW { KEEP (*(.eh_frame)) }
  .gcc_except_table   : ONLY_IF_RW { *(.gcc_except_table .gcc_except_table.*) }
  /* Thread Local Storage sections  */
  .tdata	  : { *(.tdata .tdata.* .gnu.linkonce.td.*) }
  .tbss		  : { *(.tbss .tbss.* .gnu.linkonce.tb.*) *(.tcommon) }
  .preinit_array     :
  {
    PROVIDE_HIDDEN (__preinit_array_start = .);
    KEEP (*(.preinit_array))
    PROVIDE_HIDDEN (__preinit_array_end = .);
  }
  .init_array     :
  {
     PROVIDE_HIDDEN (__init_array_start = .);
     KEEP (*(SORT(.init_array.*)))
     KEEP (*(.init_array))
     PROVIDE_HIDDEN (__init_array_end = .);
  }
  .fini_array     :
  {
    PROVIDE_HIDDEN (__fini_array_start = .);
    KEEP (*(.fini_array))
    KEEP (*(SORT(.fini_array.*)))
    PROVIDE_HIDDEN (__fini_array_end = .);
  }
  .ctors          :
  {
    /* gcc uses crtbegin.o to find the start of
       the constructors, so we make sure it is
       first.  Because this is a wildcard, it
       doesn't matter if the user does not
       actually link against crtbegin.o; the
       linker won't look for a file to match a
       wildcard.  The wildcard also means that it
       doesn't matter which directory crtbegin.o
       is in.  */
    KEEP (*crtbegin.o(.ctors))
    KEEP (*crtbegin?.o(.ctors))
    /* We don't want to include the .ctor section from
       the crtend.o file until after the sorted ctors.
       The .ctor section from the crtend file contains the
       end of ctors marker and it must be last */
    KEEP (*(EXCLUDE_FILE (*crtend.o *crtend?.o ) .ctors))
    KEEP (*(SORT(.ctors.*)))
    KEEP (*(.ctors))
  }
  .dtors          :
  {
    KEEP (*crtbegin.o(.dtors))
    KEEP (*crtbegin?.o(.dtors))
    KEEP (*(EXCLUDE_FILE (*crtend.o *crtend?.o ) .dtors))
    KEEP (*(SORT(.dtors.*)))
    KEEP (*(.dtors))
  }
  .jcr            : { KEEP (*(.jcr)) }
  .data.rel.ro : { *(.data.rel.ro.local* .gnu.linkonce.d.rel.ro.local.*) *(.data.rel.ro* .gnu.linkonce.d.rel.ro.*) }
  .dynamic        : { *(.dynamic) }
  .got            : { *(.got) }
  . = DATA_SEGMENT_RELRO_END (12, .);
  .got.plt        : { *(.got.plt) }
  .data           :
  {
    *(.data .data.* .gnu.linkonce.d.*)
    KEEP (*(.gnu.linkonce.d.*personality*))
    SORT(CONSTRUCTORS)
  }
  .data1          : { *(.data1) }
  _edata = .; PROVIDE (edata = .);
  __bss_start = .;
  .bss            :
  {
   *(.dynbss)
   *(.bss .bss.* .gnu.linkonce.b.*)
   *(COMMON)
   /* Align here to ensure that the .bss section occupies space up to
      _end.  Align after .bss to ensure correct alignment even if the
      .bss section disappears because there are no input sections.
      FIXME: Why do we need it? When there is no .bss section, we don't
      pad the .data section.  */
   . = ALIGN(. != 0 ? 32 / 8 : 1);
  }
  . = ALIGN(32 / 8);
  . = ALIGN(32 / 8);
  _end = .; PROVIDE (end = .);
  . = DATA_SEGMENT_END (.);
  /* Stabs debugging sections.  */
  .stab          0 : { *(.stab) }
  .stabstr       0 : { *(.stabstr) }
  .stab.excl     0 : { *(.stab.excl) }
  .stab.exclstr  0 : { *(.stab.exclstr) }
  .stab.index    0 : { *(.stab.index) }
  .stab.indexstr 0 : { *(.stab.indexstr) }
  .comment       0 : { *(.comment) }
  /* DWARF debug sections.
     Symbols in the DWARF debugging sections are relative to the beginning
     of the section so we begin them at 0.  */
  /* DWARF 1 */
  .debug          0 : { *(.debug) }
  .line           0 : { *(.line) }
  /* GNU DWARF 1 extensions */
  .debug_srcinfo  0 : { *(.debug_srcinfo) }
  .debug_sfnames  0 : { *(.debug_sfnames) }
  /* DWARF 1.1 and DWARF 2 */
  .debug_aranges  0 : { *(.debug_aranges) }
  .debug_pubnames 0 : { *(.debug_pubnames) }
  /* DWARF 2 */
  .debug_info     0 : { *(.debug_info .gnu.linkonce.wi.*) }
  .debug_abbrev   0 : { *(.debug_abbrev) }
  .debug_line     0 : { *(.debug_line) }
  .debug_frame    0 : { *(.debug_frame) }
  .debug_str      0 : { *(.debug_str) }
  .debug_loc      0 : { *(.debug_loc) }
  .debug_macinfo  0 : { *(.debug_macinfo) }
  /* SGI/MIPS DWARF 2 extensions */
  .debug_weaknames 0 : { *(.debug_weaknames) }
  .debug_funcnames 0 : { *(.debug_funcnames) }
  .debug_typenames 0 : { *(.debug_typenames) }
  .debug_varnames  0 : { *(.debug_varnames) }
  /* DWARF 3 */
  .debug_pubtypes 0 : { *(.debug_pubtypes) }
  .debug_ranges   0 : { *(.debug_ranges) }
  .gnu.attributes 0 : { KEEP (*(.gnu.attributes)) }
  /DISCARD/ : { *(.note.GNU-stack) }
}


==================================================
attempt to open /media/devbonbon/PROJECTS/BonBons-Busybox/Busybox_Compilers/i686/lib/crti.o succeeded
/media/devbonbon/PROJECTS/BonBons-Busybox/Busybox_Compilers/i686/lib/crti.o
attempt to open /media/devbonbon/PROJECTS/BonBons-Busybox/Busybox_Compilers/i686/cc/lib/crtbeginT.o succeeded
/media/devbonbon/PROJECTS/BonBons-Busybox/Busybox_Compilers/i686/cc/lib/crtbeginT.o
attempt to open /media/devbonbon/PROJECTS/BonBons-Busybox/Busybox_Compilers/i686/lib/crt1.o succeeded
/media/devbonbon/PROJECTS/BonBons-Busybox/Busybox_Compilers/i686/lib/crt1.o
attempt to open applets/built-in.o succeeded
applets/built-in.o
attempt to open archival/lib.a succeeded
attempt to open archival/libarchive/lib.a succeeded
attempt to open console-tools/lib.a succeeded
attempt to open coreutils/lib.a succeeded
attempt to open coreutils/libcoreutils/lib.a succeeded
attempt to open debianutils/lib.a succeeded
attempt to open e2fsprogs/lib.a succeeded
attempt to open editors/lib.a succeeded
attempt to open findutils/lib.a succeeded
attempt to open init/lib.a succeeded
attempt to open libbb/lib.a succeeded
(libbb/lib.a)appletlib.o
(libbb/lib.a)compare_string_array.o
(libbb/lib.a)concat_path_file.o
(libbb/lib.a)default_error_retval.o
(libbb/lib.a)get_last_path_component.o
(libbb/lib.a)last_char_is.o
(libbb/lib.a)messages.o
(libbb/lib.a)perror_msg.o
(libbb/lib.a)verror_msg.o
(libbb/lib.a)xfunc_die.o
(libbb/lib.a)xfuncs.o
(libbb/lib.a)xfuncs_printf.o
(libbb/lib.a)xreadlink.o
(libbb/lib.a)copyfd.o
(libbb/lib.a)full_write.o
(libbb/lib.a)read.o
(libbb/lib.a)safe_write.o
(libbb/lib.a)time.o
(libbb/lib.a)bb_strtonum.o
attempt to open libpwdgrp/lib.a succeeded
attempt to open loginutils/lib.a succeeded
(loginutils/lib.a)getty.o
(loginutils/lib.a)login.o
(loginutils/lib.a)su.o
(loginutils/lib.a)sulogin.o
attempt to open mailutils/lib.a succeeded
attempt to open miscutils/lib.a succeeded
(miscutils/lib.a)adjtimex.o
(miscutils/lib.a)chrt.o
(miscutils/lib.a)conspy.o
(miscutils/lib.a)crond.o
(miscutils/lib.a)crontab.o
(miscutils/lib.a)dc.o
(miscutils/lib.a)fbsplash.o
(miscutils/lib.a)flash_eraseall.o
(miscutils/lib.a)flash_lock_unlock.o
(miscutils/lib.a)flashcp.o
(miscutils/lib.a)inotifyd.o
(miscutils/lib.a)ionice.o
(miscutils/lib.a)less.o
(miscutils/lib.a)makedevs.o
(miscutils/lib.a)microcom.o
(miscutils/lib.a)mountpoint.o
(miscutils/lib.a)nandwrite.o
(miscutils/lib.a)readahead.o
(miscutils/lib.a)rfkill.o
(miscutils/lib.a)rx.o
(miscutils/lib.a)setserial.o
(miscutils/lib.a)setsid.o
(miscutils/lib.a)strings.o
(miscutils/lib.a)taskset.o
(miscutils/lib.a)time.o
(miscutils/lib.a)timeout.o
(miscutils/lib.a)ttysize.o
(miscutils/lib.a)watchdog.o
attempt to open modutils/lib.a succeeded
(modutils/lib.a)modinfo.o
(modutils/lib.a)modprobe-small.o
(modutils/lib.a)modutils.o
attempt to open networking/lib.a succeeded
(networking/lib.a)arp.o
(networking/lib.a)arping.o
(networking/lib.a)brctl.o
(networking/lib.a)dnsd.o
(networking/lib.a)ether-wake.o
(networking/lib.a)ftpd.o
(networking/lib.a)ftpgetput.o
(networking/lib.a)hostname.o
(networking/lib.a)httpd.o
(networking/lib.a)ifconfig.o
(networking/lib.a)ifenslave.o
(networking/lib.a)ifplugd.o
(networking/lib.a)interface.o
(networking/lib.a)ipcalc.o
(networking/lib.a)isrv_identd.o
(networking/lib.a)nameif.o
(networking/lib.a)nbd-client.o
(networking/lib.a)nc.o
(networking/lib.a)netstat.o
(networking/lib.a)nslookup.o
(networking/lib.a)ntpd.o
(networking/lib.a)ping.o
(networking/lib.a)pscan.o
(networking/lib.a)route.o
(networking/lib.a)slattach.o
(networking/lib.a)telnet.o
(networking/lib.a)tftp.o
(networking/lib.a)traceroute.o
(networking/lib.a)wget.o
(networking/lib.a)zcip.o
(networking/lib.a)isrv.o
attempt to open networking/libiproute/lib.a succeeded
(networking/libiproute/lib.a)utils.o
attempt to open networking/udhcp/lib.a succeeded
attempt to open printutils/lib.a succeeded
attempt to open procps/lib.a succeeded
(procps/lib.a)free.o
(procps/lib.a)fuser.o
(procps/lib.a)iostat.o
(procps/lib.a)kill.o
(procps/lib.a)lsof.o
(procps/lib.a)mpstat.o
(procps/lib.a)nmeter.o
(procps/lib.a)pgrep.o
(procps/lib.a)pidof.o
(procps/lib.a)pmap.o
(procps/lib.a)ps.o
(procps/lib.a)pstree.o
(procps/lib.a)pwdx.o
(procps/lib.a)renice.o
(procps/lib.a)smemcap.o
(procps/lib.a)sysctl.o
(procps/lib.a)top.o
(procps/lib.a)uptime.o
(procps/lib.a)watch.o
attempt to open runit/lib.a succeeded
(runit/lib.a)chpst.o
attempt to open selinux/lib.a succeeded
attempt to open shell/lib.a succeeded
(shell/lib.a)ash.o
(shell/lib.a)ash_ptr_hack.o
(shell/lib.a)cttyhack.o
(shell/lib.a)hush.o
(shell/lib.a)match.o
(shell/lib.a)math.o
(shell/lib.a)random.o
(shell/lib.a)shell_common.o
attempt to open sysklogd/lib.a succeeded
(sysklogd/lib.a)klogd.o
(sysklogd/lib.a)logread.o
(sysklogd/lib.a)syslogd_and_logger.o
attempt to open util-linux/lib.a succeeded
(util-linux/lib.a)acpid.o
(util-linux/lib.a)blkid.o
(util-linux/lib.a)blockdev.o
(util-linux/lib.a)dmesg.o
(util-linux/lib.a)fatattr.o
(util-linux/lib.a)fbset.o
(util-linux/lib.a)fdisk.o
(util-linux/lib.a)findfs.o
(util-linux/lib.a)fsck_minix.o
(util-linux/lib.a)fstrim.o
(util-linux/lib.a)getopt.o
(util-linux/lib.a)hexdump.o
(util-linux/lib.a)hwclock.o
(util-linux/lib.a)ipcrm.o
(util-linux/lib.a)ipcs.o
(util-linux/lib.a)losetup.o
(util-linux/lib.a)lspci.o
(util-linux/lib.a)lsusb.o
(util-linux/lib.a)mdev.o
(util-linux/lib.a)mkfs_minix.o
(util-linux/lib.a)mkfs_vfat.o
(util-linux/lib.a)mkswap.o
(util-linux/lib.a)more.o
(util-linux/lib.a)mount.o
(util-linux/lib.a)pivot_root.o
(util-linux/lib.a)rdate.o
(util-linux/lib.a)rdev.o
(util-linux/lib.a)readprofile.o
(util-linux/lib.a)rev.o
(util-linux/lib.a)rtcwake.o
(util-linux/lib.a)script.o
(util-linux/lib.a)scriptreplay.o
(util-linux/lib.a)swaponoff.o
(util-linux/lib.a)switch_root.o
(util-linux/lib.a)uevent.o
(util-linux/lib.a)umount.o
attempt to open util-linux/volume_id/lib.a succeeded
(util-linux/volume_id/lib.a)get_devname.o
(util-linux/volume_id/lib.a)volume_id.o
(util-linux/volume_id/lib.a)exfat.o
(util-linux/volume_id/lib.a)ext.o
(util-linux/volume_id/lib.a)f2fs.o
(util-linux/volume_id/lib.a)fat.o
(util-linux/volume_id/lib.a)linux_swap.o
(util-linux/volume_id/lib.a)ntfs.o
(util-linux/volume_id/lib.a)util.o
attempt to open archival/built-in.o succeeded
attempt to open archival/libarchive/built-in.o succeeded
attempt to open console-tools/built-in.o succeeded
attempt to open coreutils/built-in.o succeeded
attempt to open coreutils/libcoreutils/built-in.o succeeded
attempt to open debianutils/built-in.o succeeded
attempt to open e2fsprogs/built-in.o succeeded
attempt to open editors/built-in.o succeeded
attempt to open findutils/built-in.o succeeded
attempt to open init/built-in.o succeeded
attempt to open libbb/built-in.o succeeded
attempt to open libpwdgrp/built-in.o succeeded
attempt to open loginutils/built-in.o succeeded
attempt to open mailutils/built-in.o succeeded
attempt to open miscutils/built-in.o succeeded
attempt to open modutils/built-in.o succeeded
attempt to open networking/built-in.o succeeded
attempt to open networking/libiproute/built-in.o succeeded
attempt to open networking/udhcp/built-in.o succeeded
attempt to open printutils/built-in.o succeeded
attempt to open procps/built-in.o succeeded
attempt to open runit/built-in.o succeeded
attempt to open selinux/built-in.o succeeded
attempt to open shell/built-in.o succeeded
attempt to open sysklogd/built-in.o succeeded
attempt to open util-linux/built-in.o succeeded
attempt to open util-linux/volume_id/built-in.o succeeded
(archival/lib.a)bbunzip.o
(archival/lib.a)bzip2.o
(archival/lib.a)cpio.o
(archival/lib.a)gzip.o
(archival/lib.a)lzop.o
(archival/lib.a)rpm.o
(archival/lib.a)rpm2cpio.o
(archival/lib.a)tar.o
(archival/lib.a)unzip.o
(archival/libarchive/lib.a)data_extract_all.o
(archival/libarchive/lib.a)data_extract_to_command.o
(archival/libarchive/lib.a)data_extract_to_stdout.o
(archival/libarchive/lib.a)data_skip.o
(archival/libarchive/lib.a)decompress_bunzip2.o
(archival/libarchive/lib.a)decompress_gunzip.o
(archival/libarchive/lib.a)decompress_uncompress.o
(archival/libarchive/lib.a)decompress_unlzma.o
(archival/libarchive/lib.a)decompress_unxz.o
(archival/libarchive/lib.a)filter_accept_list.o
(archival/libarchive/lib.a)filter_accept_reject_list.o
(archival/libarchive/lib.a)find_list_entry.o
(archival/libarchive/lib.a)get_header_cpio.o
(archival/libarchive/lib.a)get_header_tar.o
(archival/libarchive/lib.a)header_list.o
(archival/libarchive/lib.a)header_verbose_list.o
(archival/libarchive/lib.a)init_handle.o
(archival/libarchive/lib.a)lzo1x_1.o
(archival/libarchive/lib.a)lzo1x_1o.o
(archival/libarchive/lib.a)lzo1x_9x.o
(archival/libarchive/lib.a)lzo1x_d.o
(archival/libarchive/lib.a)open_transformer.o
(archival/libarchive/lib.a)seek_by_jump.o
(archival/libarchive/lib.a)seek_by_read.o
(archival/libarchive/lib.a)unsafe_prefix.o
(archival/libarchive/lib.a)data_align.o
(archival/libarchive/lib.a)filter_accept_all.o
(archival/libarchive/lib.a)header_skip.o
(console-tools/lib.a)clear.o
(console-tools/lib.a)kbd_mode.o
(console-tools/lib.a)reset.o
(console-tools/lib.a)resize.o
(console-tools/lib.a)showkey.o
(coreutils/lib.a)basename.o
(coreutils/lib.a)cal.o
(coreutils/lib.a)cat.o
(coreutils/lib.a)catv.o
(coreutils/lib.a)chgrp.o
(coreutils/lib.a)chmod.o
(coreutils/lib.a)chown.o
(coreutils/lib.a)cksum.o
(coreutils/lib.a)comm.o
(coreutils/lib.a)cp.o
(coreutils/lib.a)cut.o
(coreutils/lib.a)date.o
(coreutils/lib.a)dd.o
(coreutils/lib.a)df.o
(coreutils/lib.a)dirname.o
(coreutils/lib.a)dos2unix.o
(coreutils/lib.a)du.o
(coreutils/lib.a)echo.o
(coreutils/lib.a)env.o
(coreutils/lib.a)expand.o
(coreutils/lib.a)expr.o
(coreutils/lib.a)false.o
(coreutils/lib.a)fold.o
(coreutils/lib.a)fsync.o
(coreutils/lib.a)head.o
(coreutils/lib.a)id.o
(coreutils/lib.a)install.o
(coreutils/lib.a)ln.o
(coreutils/lib.a)ls.o
(coreutils/lib.a)md5_sha1_sum.o
(coreutils/lib.a)mkdir.o
(coreutils/lib.a)mkfifo.o
(coreutils/lib.a)mknod.o
(coreutils/lib.a)mv.o
(coreutils/lib.a)nice.o
(coreutils/lib.a)nohup.o
(coreutils/lib.a)printenv.o
(coreutils/lib.a)printf.o
(coreutils/lib.a)pwd.o
(coreutils/lib.a)readlink.o
(coreutils/lib.a)realpath.o
(coreutils/lib.a)rm.o
(coreutils/lib.a)rmdir.o
(coreutils/lib.a)seq.o
(coreutils/lib.a)sleep.o
(coreutils/lib.a)sort.o
(coreutils/lib.a)split.o
(coreutils/lib.a)stat.o
(coreutils/lib.a)stty.o
(coreutils/lib.a)sum.o
(coreutils/lib.a)sync.o
(coreutils/lib.a)tac.o
(coreutils/lib.a)tail.o
(coreutils/lib.a)tee.o
(coreutils/lib.a)test.o
(coreutils/lib.a)test_ptr_hack.o
(coreutils/lib.a)touch.o
(coreutils/lib.a)tr.o
(coreutils/lib.a)true.o
(coreutils/lib.a)truncate.o
(coreutils/lib.a)tty.o
(coreutils/lib.a)uname.o
(coreutils/lib.a)uniq.o
(coreutils/lib.a)unlink.o
(coreutils/lib.a)usleep.o
(coreutils/lib.a)uudecode.o
(coreutils/lib.a)uuencode.o
(coreutils/lib.a)wc.o
(coreutils/lib.a)yes.o
(coreutils/libcoreutils/lib.a)cp_mv_stat.o
(coreutils/libcoreutils/lib.a)getopt_mk_fifo_nod.o
(debianutils/lib.a)mktemp.o
(debianutils/lib.a)pipe_progress.o
(debianutils/lib.a)run_parts.o
(debianutils/lib.a)start_stop_daemon.o
(debianutils/lib.a)which.o
(e2fsprogs/lib.a)chattr.o
(e2fsprogs/lib.a)e2fs_lib.o
(e2fsprogs/lib.a)fsck.o
(e2fsprogs/lib.a)lsattr.o
(e2fsprogs/lib.a)tune2fs.o
(editors/lib.a)awk.o
(editors/lib.a)cmp.o
(editors/lib.a)diff.o
(editors/lib.a)patch.o
(editors/lib.a)sed.o
(editors/lib.a)vi.o
(findutils/lib.a)find.o
(findutils/lib.a)grep.o
(findutils/lib.a)xargs.o
(init/lib.a)bootchartd.o
(init/lib.a)halt.o
(init/lib.a)init.o
(init/lib.a)mesg.o
(libbb/lib.a)ask_confirmation.o
(libbb/lib.a)auto_string.o
(libbb/lib.a)bb_bswap_64.o
(libbb/lib.a)bb_do_delay.o
(libbb/lib.a)bb_pwd.o
(libbb/lib.a)bb_qsort.o
(libbb/lib.a)change_identity.o
(libbb/lib.a)chomp.o
(libbb/lib.a)concat_subpath_file.o
(libbb/lib.a)copy_file.o
(libbb/lib.a)correct_password.o
(libbb/lib.a)crc32.o
(libbb/lib.a)device_open.o
(libbb/lib.a)dump.o
(libbb/lib.a)endofname.o
(libbb/lib.a)executable.o
(libbb/lib.a)fclose_nonstdin.o
(libbb/lib.a)fflush_stdout_and_exit.o
(libbb/lib.a)fgets_str.o
(libbb/lib.a)find_mount_point.o
(libbb/lib.a)find_pid_by_name.o
(libbb/lib.a)find_root_device.o
(libbb/lib.a)get_cpu_count.o
(libbb/lib.a)get_line_from_file.o
(libbb/lib.a)get_shell_name.o
(libbb/lib.a)get_volsize.o
(libbb/lib.a)getopt32.o
(libbb/lib.a)getpty.o
(libbb/lib.a)hash_md5_sha.o
(libbb/lib.a)herror_msg.o
(libbb/lib.a)human_readable.o
(libbb/lib.a)in_ether.o
(libbb/lib.a)inet_cksum.o
(libbb/lib.a)inet_common.o
(libbb/lib.a)info_msg.o
(libbb/lib.a)inode_hash.o
(libbb/lib.a)isdirectory.o
(libbb/lib.a)lineedit.o
(libbb/lib.a)llist.o
(libbb/lib.a)logenv.o
(libbb/lib.a)login.o
(libbb/lib.a)loop.o
(libbb/lib.a)make_directory.o
(libbb/lib.a)match_fstype.o
(libbb/lib.a)mode_string.o
(libbb/lib.a)nuke_str.o
(libbb/lib.a)parse_config.o
(libbb/lib.a)parse_mode.o
(libbb/lib.a)percent_decode.o
(libbb/lib.a)perror_nomsg_and_die.o
(libbb/lib.a)pidfile.o
(libbb/lib.a)print_flags.o
(libbb/lib.a)printable.o
(libbb/lib.a)printable_string.o
(libbb/lib.a)process_escape_sequence.o
(libbb/lib.a)procps.o
(libbb/lib.a)progress.o
(libbb/lib.a)ptr_to_globals.o
(libbb/lib.a)pw_encrypt.o
(libbb/lib.a)read_key.o
(libbb/lib.a)read_printf.o
(libbb/lib.a)recursive_action.o
(libbb/lib.a)remove_file.o
(libbb/lib.a)replace.o
(libbb/lib.a)rtc.o
(libbb/lib.a)run_shell.o
(libbb/lib.a)safe_gethostname.o
(libbb/lib.a)safe_poll.o
(libbb/lib.a)safe_strncpy.o
(libbb/lib.a)setup_environment.o
(libbb/lib.a)signals.o
(libbb/lib.a)simplify_path.o
(libbb/lib.a)single_argv.o
(libbb/lib.a)skip_whitespace.o
(libbb/lib.a)speed_table.o
(libbb/lib.a)str_tolower.o
(libbb/lib.a)strrstr.o
(libbb/lib.a)sysconf.o
(libbb/lib.a)trim.o
(libbb/lib.a)u_signal_names.o
(libbb/lib.a)udp_io.o
(libbb/lib.a)unicode.o
(libbb/lib.a)uuencode.o
(libbb/lib.a)vfork_daemon_rexec.o
(libbb/lib.a)wfopen.o
(libbb/lib.a)wfopen_input.o
(libbb/lib.a)write.o
(libbb/lib.a)xatonum.o
(libbb/lib.a)xconnect.o
(libbb/lib.a)xgetcwd.o
(libbb/lib.a)xgethostbyname.o
(libbb/lib.a)xrealloc_vector.o
(libbb/lib.a)xregcomp.o
(libbb/lib.a)bb_askpass.o
(libpwdgrp/lib.a)uidgid_get.o
attempt to open /media/devbonbon/PROJECTS/BonBons-Busybox/Busybox_Compilers/i686/lib/libgcc.a failed
attempt to open /media/devbonbon/PROJECTS/BonBons-Busybox/Busybox_Compilers/i686/cc/lib/libgcc.a succeeded
(/media/devbonbon/PROJECTS/BonBons-Busybox/Busybox_Compilers/i686/cc/lib/libgcc.a)_fixunsdfdi.o
(/media/devbonbon/PROJECTS/BonBons-Busybox/Busybox_Compilers/i686/cc/lib/libgcc.a)_divdi3.o
(/media/devbonbon/PROJECTS/BonBons-Busybox/Busybox_Compilers/i686/cc/lib/libgcc.a)_moddi3.o
(/media/devbonbon/PROJECTS/BonBons-Busybox/Busybox_Compilers/i686/cc/lib/libgcc.a)_udivdi3.o
(/media/devbonbon/PROJECTS/BonBons-Busybox/Busybox_Compilers/i686/cc/lib/libgcc.a)_umoddi3.o
attempt to open /media/devbonbon/PROJECTS/BonBons-Busybox/Busybox_Compilers/i686/lib/libgcc_eh.a failed
attempt to open /media/devbonbon/PROJECTS/BonBons-Busybox/Busybox_Compilers/i686/cc/lib/libgcc_eh.a succeeded
attempt to open /media/devbonbon/PROJECTS/BonBons-Busybox/Busybox_Compilers/i686/lib/libc.a succeeded
(/media/devbonbon/PROJECTS/BonBons-Busybox/Busybox_Compilers/i686/lib/libc.a)sysconf.o
(/media/devbonbon/PROJECTS/BonBons-Busybox/Busybox_Compilers/i686/lib/libc.a)crypt.o
(/media/devbonbon/PROJECTS/BonBons-Busybox/Busybox_Compilers/i686/lib/libc.a)crypt_r.o
(/media/devbonbon/PROJECTS/BonBons-Busybox/Busybox_Compilers/i686/lib/libc.a)crypt_sha256.o
(/media/devbonbon/PROJECTS/BonBons-Busybox/Busybox_Compilers/i686/lib/libc.a)crypt_sha512.o
(/media/devbonbon/PROJECTS/BonBons-Busybox/Busybox_Compilers/i686/lib/libc.a)closedir.o
(/media/devbonbon/PROJECTS/BonBons-Busybox/Busybox_Compilers/i686/lib/libc.a)opendir.o
(/media/devbonbon/PROJECTS/BonBons-Busybox/Busybox_Compilers/i686/lib/libc.a)readdir.o
(/media/devbonbon/PROJECTS/BonBons-Busybox/Busybox_Compilers/i686/lib/libc.a)__environ.o
(/media/devbonbon/PROJECTS/BonBons-Busybox/Busybox_Compilers/i686/lib/libc.a)__libc_start_main.o
(/media/devbonbon/PROJECTS/BonBons-Busybox/Busybox_Compilers/i686/lib/libc.a)clearenv.o
(/media/devbonbon/PROJECTS/BonBons-Busybox/Busybox_Compilers/i686/lib/libc.a)getenv.o
(/media/devbonbon/PROJECTS/BonBons-Busybox/Busybox_Compilers/i686/lib/libc.a)putenv.o
(/media/devbonbon/PROJECTS/BonBons-Busybox/Busybox_Compilers/i686/lib/libc.a)setenv.o
(/media/devbonbon/PROJECTS/BonBons-Busybox/Busybox_Compilers/i686/lib/libc.a)unsetenv.o
(/media/devbonbon/PROJECTS/BonBons-Busybox/Busybox_Compilers/i686/lib/libc.a)__errno_location.o
(/media/devbonbon/PROJECTS/BonBons-Busybox/Busybox_Compilers/i686/lib/libc.a)strerror.o
(/media/devbonbon/PROJECTS/BonBons-Busybox/Busybox_Compilers/i686/lib/libc.a)atexit.o
(/media/devbonbon/PROJECTS/BonBons-Busybox/Busybox_Compilers/i686/lib/libc.a)exit.o
(/media/devbonbon/PROJECTS/BonBons-Busybox/Busybox_Compilers/i686/lib/libc.a)fcntl.o
(/media/devbonbon/PROJECTS/BonBons-Busybox/Busybox_Compilers/i686/lib/libc.a)open.o
(/media/devbonbon/PROJECTS/BonBons-Busybox/Busybox_Compilers/i686/lib/libc.a)libc.o
(/media/devbonbon/PROJECTS/BonBons-Busybox/Busybox_Compilers/i686/lib/libc.a)syscall.o
(/media/devbonbon/PROJECTS/BonBons-Busybox/Busybox_Compilers/i686/lib/libc.a)syscall_ret.o
(/media/devbonbon/PROJECTS/BonBons-Busybox/Busybox_Compilers/i686/lib/libc.a)msgctl.o
(/media/devbonbon/PROJECTS/BonBons-Busybox/Busybox_Compilers/i686/lib/libc.a)msgget.o
(/media/devbonbon/PROJECTS/BonBons-Busybox/Busybox_Compilers/i686/lib/libc.a)semctl.o
(/media/devbonbon/PROJECTS/BonBons-Busybox/Busybox_Compilers/i686/lib/libc.a)semget.o
(/media/devbonbon/PROJECTS/BonBons-Busybox/Busybox_Compilers/i686/lib/libc.a)semop.o
(/media/devbonbon/PROJECTS/BonBons-Busybox/Busybox_Compilers/i686/lib/libc.a)shmat.o
(/media/devbonbon/PROJECTS/BonBons-Busybox/Busybox_Compilers/i686/lib/libc.a)shmctl.o
(/media/devbonbon/PROJECTS/BonBons-Busybox/Busybox_Compilers/i686/lib/libc.a)shmdt.o
(/media/devbonbon/PROJECTS/BonBons-Busybox/Busybox_Compilers/i686/lib/libc.a)shmget.o
(/media/devbonbon/PROJECTS/BonBons-Busybox/Busybox_Compilers/i686/lib/libc.a)daemon.o
(/media/devbonbon/PROJECTS/BonBons-Busybox/Busybox_Compilers/i686/lib/libc.a)getpagesize.o
(/media/devbonbon/PROJECTS/BonBons-Busybox/Busybox_Compilers/i686/lib/libc.a)lutimes.o
(/media/devbonbon/PROJECTS/BonBons-Busybox/Busybox_Compilers/i686/lib/libc.a)adjtimex.o
(/media/devbonbon/PROJECTS/BonBons-Busybox/Busybox_Compilers/i686/lib/libc.a)chroot.o
(/media/devbonbon/PROJECTS/BonBons-Busybox/Busybox_Compilers/i686/lib/libc.a)inotify.o
(/media/devbonbon/PROJECTS/BonBons-Busybox/Busybox_Compilers/i686/lib/libc.a)klogctl.o
(/media/devbonbon/PROJECTS/BonBons-Busybox/Busybox_Compilers/i686/lib/libc.a)module.o
(/media/devbonbon/PROJECTS/BonBons-Busybox/Busybox_Compilers/i686/lib/libc.a)mount.o
(/media/devbonbon/PROJECTS/BonBons-Busybox/Busybox_Compilers/i686/lib/libc.a)pivot_root.o
(/media/devbonbon/PROJECTS/BonBons-Busybox/Busybox_Compilers/i686/lib/libc.a)readahead.o
(/media/devbonbon/PROJECTS/BonBons-Busybox/Busybox_Compilers/i686/lib/libc.a)reboot.o
(/media/devbonbon/PROJECTS/BonBons-Busybox/Busybox_Compilers/i686/lib/libc.a)sendfile.o
(/media/devbonbon/PROJECTS/BonBons-Busybox/Busybox_Compilers/i686/lib/libc.a)setgroups.o
(/media/devbonbon/PROJECTS/BonBons-Busybox/Busybox_Compilers/i686/lib/libc.a)sethostname.o
(/media/devbonbon/PROJECTS/BonBons-Busybox/Busybox_Compilers/i686/lib/libc.a)settimeofday.o
(/media/devbonbon/PROJECTS/BonBons-Busybox/Busybox_Compilers/i686/lib/libc.a)stime.o
(/media/devbonbon/PROJECTS/BonBons-Busybox/Busybox_Compilers/i686/lib/libc.a)swap.o
(/media/devbonbon/PROJECTS/BonBons-Busybox/Busybox_Compilers/i686/lib/libc.a)sysinfo.o
(/media/devbonbon/PROJECTS/BonBons-Busybox/Busybox_Compilers/i686/lib/libc.a)utimes.o
(/media/devbonbon/PROJECTS/BonBons-Busybox/Busybox_Compilers/i686/lib/libc.a)wait3.o
(/media/devbonbon/PROJECTS/BonBons-Busybox/Busybox_Compilers/i686/lib/libc.a)wait4.o
(/media/devbonbon/PROJECTS/BonBons-Busybox/Busybox_Compilers/i686/lib/libc.a)__lctrans.o
(/media/devbonbon/PROJECTS/BonBons-Busybox/Busybox_Compilers/i686/lib/libc.a)calloc.o
(/media/devbonbon/PROJECTS/BonBons-Busybox/Busybox_Compilers/i686/lib/libc.a)lite_malloc.o
(/media/devbonbon/PROJECTS/BonBons-Busybox/Busybox_Compilers/i686/lib/libc.a)malloc.o
(/media/devbonbon/PROJECTS/BonBons-Busybox/Busybox_Compilers/i686/lib/libc.a)atan2.o
(/media/devbonbon/PROJECTS/BonBons-Busybox/Busybox_Compilers/i686/lib/libc.a)cos.o
(/media/devbonbon/PROJECTS/BonBons-Busybox/Busybox_Compilers/i686/lib/libc.a)exp.o
(/media/devbonbon/PROJECTS/BonBons-Busybox/Busybox_Compilers/i686/lib/libc.a)log.o
(/media/devbonbon/PROJECTS/BonBons-Busybox/Busybox_Compilers/i686/lib/libc.a)pow.o
(/media/devbonbon/PROJECTS/BonBons-Busybox/Busybox_Compilers/i686/lib/libc.a)scalbn.o
(/media/devbonbon/PROJECTS/BonBons-Busybox/Busybox_Compilers/i686/lib/libc.a)sin.o
(/media/devbonbon/PROJECTS/BonBons-Busybox/Busybox_Compilers/i686/lib/libc.a)sqrt.o
(/media/devbonbon/PROJECTS/BonBons-Busybox/Busybox_Compilers/i686/lib/libc.a)dirname.o
(/media/devbonbon/PROJECTS/BonBons-Busybox/Busybox_Compilers/i686/lib/libc.a)getopt.o
(/media/devbonbon/PROJECTS/BonBons-Busybox/Busybox_Compilers/i686/lib/libc.a)getopt_long.o
(/media/devbonbon/PROJECTS/BonBons-Busybox/Busybox_Compilers/i686/lib/libc.a)getpriority.o
(/media/devbonbon/PROJECTS/BonBons-Busybox/Busybox_Compilers/i686/lib/libc.a)getrlimit.o
(/media/devbonbon/PROJECTS/BonBons-Busybox/Busybox_Compilers/i686/lib/libc.a)initgroups.o
(/media/devbonbon/PROJECTS/BonBons-Busybox/Busybox_Compilers/i686/lib/libc.a)ioctl.o
(/media/devbonbon/PROJECTS/BonBons-Busybox/Busybox_Compilers/i686/lib/libc.a)mntent.o
(/media/devbonbon/PROJECTS/BonBons-Busybox/Busybox_Compilers/i686/lib/libc.a)realpath.o
(/media/devbonbon/PROJECTS/BonBons-Busybox/Busybox_Compilers/i686/lib/libc.a)setpriority.o
(/media/devbonbon/PROJECTS/BonBons-Busybox/Busybox_Compilers/i686/lib/libc.a)setrlimit.o
(/media/devbonbon/PROJECTS/BonBons-Busybox/Busybox_Compilers/i686/lib/libc.a)syscall.o
(/media/devbonbon/PROJECTS/BonBons-Busybox/Busybox_Compilers/i686/lib/libc.a)syslog.o
(/media/devbonbon/PROJECTS/BonBons-Busybox/Busybox_Compilers/i686/lib/libc.a)uname.o
(/media/devbonbon/PROJECTS/BonBons-Busybox/Busybox_Compilers/i686/lib/libc.a)madvise.o
(/media/devbonbon/PROJECTS/BonBons-Busybox/Busybox_Compilers/i686/lib/libc.a)mmap.o
(/media/devbonbon/PROJECTS/BonBons-Busybox/Busybox_Compilers/i686/lib/libc.a)mremap.o
(/media/devbonbon/PROJECTS/BonBons-Busybox/Busybox_Compilers/i686/lib/libc.a)munmap.o
(/media/devbonbon/PROJECTS/BonBons-Busybox/Busybox_Compilers/i686/lib/libc.a)mbtowc.o
(/media/devbonbon/PROJECTS/BonBons-Busybox/Busybox_Compilers/i686/lib/libc.a)accept.o
(/media/devbonbon/PROJECTS/BonBons-Busybox/Busybox_Compilers/i686/lib/libc.a)bind.o
(/media/devbonbon/PROJECTS/BonBons-Busybox/Busybox_Compilers/i686/lib/libc.a)connect.o
(/media/devbonbon/PROJECTS/BonBons-Busybox/Busybox_Compilers/i686/lib/libc.a)ether.o
(/media/devbonbon/PROJECTS/BonBons-Busybox/Busybox_Compilers/i686/lib/libc.a)freeaddrinfo.o
(/media/devbonbon/PROJECTS/BonBons-Busybox/Busybox_Compilers/i686/lib/libc.a)gai_strerror.o
(/media/devbonbon/PROJECTS/BonBons-Busybox/Busybox_Compilers/i686/lib/libc.a)getaddrinfo.o
(/media/devbonbon/PROJECTS/BonBons-Busybox/Busybox_Compilers/i686/lib/libc.a)gethostbyaddr.o
(/media/devbonbon/PROJECTS/BonBons-Busybox/Busybox_Compilers/i686/lib/libc.a)gethostbyaddr_r.o
(/media/devbonbon/PROJECTS/BonBons-Busybox/Busybox_Compilers/i686/lib/libc.a)gethostbyname.o
(/media/devbonbon/PROJECTS/BonBons-Busybox/Busybox_Compilers/i686/lib/libc.a)gethostbyname2.o
(/media/devbonbon/PROJECTS/BonBons-Busybox/Busybox_Compilers/i686/lib/libc.a)gethostbyname2_r.o
(/media/devbonbon/PROJECTS/BonBons-Busybox/Busybox_Compilers/i686/lib/libc.a)getnameinfo.o
(/media/devbonbon/PROJECTS/BonBons-Busybox/Busybox_Compilers/i686/lib/libc.a)getpeername.o
(/media/devbonbon/PROJECTS/BonBons-Busybox/Busybox_Compilers/i686/lib/libc.a)getservbyname.o
(/media/devbonbon/PROJECTS/BonBons-Busybox/Busybox_Compilers/i686/lib/libc.a)getservbyname_r.o
(/media/devbonbon/PROJECTS/BonBons-Busybox/Busybox_Compilers/i686/lib/libc.a)getservbyport.o
(/media/devbonbon/PROJECTS/BonBons-Busybox/Busybox_Compilers/i686/lib/libc.a)getservbyport_r.o
(/media/devbonbon/PROJECTS/BonBons-Busybox/Busybox_Compilers/i686/lib/libc.a)getsockname.o
(/media/devbonbon/PROJECTS/BonBons-Busybox/Busybox_Compilers/i686/lib/libc.a)h_errno.o
(/media/devbonbon/PROJECTS/BonBons-Busybox/Busybox_Compilers/i686/lib/libc.a)hstrerror.o
(/media/devbonbon/PROJECTS/BonBons-Busybox/Busybox_Compilers/i686/lib/libc.a)htonl.o
(/media/devbonbon/PROJECTS/BonBons-Busybox/Busybox_Compilers/i686/lib/libc.a)htons.o
(/media/devbonbon/PROJECTS/BonBons-Busybox/Busybox_Compilers/i686/lib/libc.a)if_indextoname.o
(/media/devbonbon/PROJECTS/BonBons-Busybox/Busybox_Compilers/i686/lib/libc.a)if_nametoindex.o
(/media/devbonbon/PROJECTS/BonBons-Busybox/Busybox_Compilers/i686/lib/libc.a)inet_aton.o
(/media/devbonbon/PROJECTS/BonBons-Busybox/Busybox_Compilers/i686/lib/libc.a)inet_ntoa.o
(/media/devbonbon/PROJECTS/BonBons-Busybox/Busybox_Compilers/i686/lib/libc.a)inet_ntop.o
(/media/devbonbon/PROJECTS/BonBons-Busybox/Busybox_Compilers/i686/lib/libc.a)inet_pton.o
(/media/devbonbon/PROJECTS/BonBons-Busybox/Busybox_Compilers/i686/lib/libc.a)listen.o
(/media/devbonbon/PROJECTS/BonBons-Busybox/Busybox_Compilers/i686/lib/libc.a)lookup_ipliteral.o
(/media/devbonbon/PROJECTS/BonBons-Busybox/Busybox_Compilers/i686/lib/libc.a)lookup_name.o
(/media/devbonbon/PROJECTS/BonBons-Busybox/Busybox_Compilers/i686/lib/libc.a)lookup_serv.o
(/media/devbonbon/PROJECTS/BonBons-Busybox/Busybox_Compilers/i686/lib/libc.a)ntohl.o
(/media/devbonbon/PROJECTS/BonBons-Busybox/Busybox_Compilers/i686/lib/libc.a)ntohs.o
(/media/devbonbon/PROJECTS/BonBons-Busybox/Busybox_Compilers/i686/lib/libc.a)recv.o
(/media/devbonbon/PROJECTS/BonBons-Busybox/Busybox_Compilers/i686/lib/libc.a)recvfrom.o
(/media/devbonbon/PROJECTS/BonBons-Busybox/Busybox_Compilers/i686/lib/libc.a)recvmsg.o
(/media/devbonbon/PROJECTS/BonBons-Busybox/Busybox_Compilers/i686/lib/libc.a)res_init.o
(/media/devbonbon/PROJECTS/BonBons-Busybox/Busybox_Compilers/i686/lib/libc.a)res_mkquery.o
(/media/devbonbon/PROJECTS/BonBons-Busybox/Busybox_Compilers/i686/lib/libc.a)res_msend.o
(/media/devbonbon/PROJECTS/BonBons-Busybox/Busybox_Compilers/i686/lib/libc.a)res_send.o
(/media/devbonbon/PROJECTS/BonBons-Busybox/Busybox_Compilers/i686/lib/libc.a)res_state.o
(/media/devbonbon/PROJECTS/BonBons-Busybox/Busybox_Compilers/i686/lib/libc.a)send.o
(/media/devbonbon/PROJECTS/BonBons-Busybox/Busybox_Compilers/i686/lib/libc.a)sendmsg.o
(/media/devbonbon/PROJECTS/BonBons-Busybox/Busybox_Compilers/i686/lib/libc.a)sendto.o
(/media/devbonbon/PROJECTS/BonBons-Busybox/Busybox_Compilers/i686/lib/libc.a)setsockopt.o
(/media/devbonbon/PROJECTS/BonBons-Busybox/Busybox_Compilers/i686/lib/libc.a)shutdown.o
(/media/devbonbon/PROJECTS/BonBons-Busybox/Busybox_Compilers/i686/lib/libc.a)socket.o
(/media/devbonbon/PROJECTS/BonBons-Busybox/Busybox_Compilers/i686/lib/libc.a)socketpair.o
(/media/devbonbon/PROJECTS/BonBons-Busybox/Busybox_Compilers/i686/lib/libc.a)getgrent.o
(/media/devbonbon/PROJECTS/BonBons-Busybox/Busybox_Compilers/i686/lib/libc.a)getgrent_a.o
(/media/devbonbon/PROJECTS/BonBons-Busybox/Busybox_Compilers/i686/lib/libc.a)getgrouplist.o
(/media/devbonbon/PROJECTS/BonBons-Busybox/Busybox_Compilers/i686/lib/libc.a)getpwent.o
(/media/devbonbon/PROJECTS/BonBons-Busybox/Busybox_Compilers/i686/lib/libc.a)getpwent_a.o
(/media/devbonbon/PROJECTS/BonBons-Busybox/Busybox_Compilers/i686/lib/libc.a)nscd_query.o
(/media/devbonbon/PROJECTS/BonBons-Busybox/Busybox_Compilers/i686/lib/libc.a)rand.o
(/media/devbonbon/PROJECTS/BonBons-Busybox/Busybox_Compilers/i686/lib/libc.a)execl.o
(/media/devbonbon/PROJECTS/BonBons-Busybox/Busybox_Compilers/i686/lib/libc.a)execlp.o
(/media/devbonbon/PROJECTS/BonBons-Busybox/Busybox_Compilers/i686/lib/libc.a)execv.o
(/media/devbonbon/PROJECTS/BonBons-Busybox/Busybox_Compilers/i686/lib/libc.a)execve.o
(/media/devbonbon/PROJECTS/BonBons-Busybox/Busybox_Compilers/i686/lib/libc.a)execvp.o
(/media/devbonbon/PROJECTS/BonBons-Busybox/Busybox_Compilers/i686/lib/libc.a)fork.o
(/media/devbonbon/PROJECTS/BonBons-Busybox/Busybox_Compilers/i686/lib/libc.a)system.o
(/media/devbonbon/PROJECTS/BonBons-Busybox/Busybox_Compilers/i686/lib/libc.a)vfork.o
(/media/devbonbon/PROJECTS/BonBons-Busybox/Busybox_Compilers/i686/lib/libc.a)wait.o
(/media/devbonbon/PROJECTS/BonBons-Busybox/Busybox_Compilers/i686/lib/libc.a)waitpid.o
(/media/devbonbon/PROJECTS/BonBons-Busybox/Busybox_Compilers/i686/lib/libc.a)fnmatch.o
(/media/devbonbon/PROJECTS/BonBons-Busybox/Busybox_Compilers/i686/lib/libc.a)glob.o
(/media/devbonbon/PROJECTS/BonBons-Busybox/Busybox_Compilers/i686/lib/libc.a)regcomp.o
(/media/devbonbon/PROJECTS/BonBons-Busybox/Busybox_Compilers/i686/lib/libc.a)regerror.o
(/media/devbonbon/PROJECTS/BonBons-Busybox/Busybox_Compilers/i686/lib/libc.a)regexec.o
(/media/devbonbon/PROJECTS/BonBons-Busybox/Busybox_Compilers/i686/lib/libc.a)tre-mem.o
(/media/devbonbon/PROJECTS/BonBons-Busybox/Busybox_Compilers/i686/lib/libc.a)affinity.o
(/media/devbonbon/PROJECTS/BonBons-Busybox/Busybox_Compilers/i686/lib/libc.a)sched_get_priority_max.o
(/media/devbonbon/PROJECTS/BonBons-Busybox/Busybox_Compilers/i686/lib/libc.a)sched_getparam.o
(/media/devbonbon/PROJECTS/BonBons-Busybox/Busybox_Compilers/i686/lib/libc.a)sched_getscheduler.o
(/media/devbonbon/PROJECTS/BonBons-Busybox/Busybox_Compilers/i686/lib/libc.a)sched_setscheduler.o
(/media/devbonbon/PROJECTS/BonBons-Busybox/Busybox_Compilers/i686/lib/libc.a)sched_yield.o
(/media/devbonbon/PROJECTS/BonBons-Busybox/Busybox_Compilers/i686/lib/libc.a)poll.o
(/media/devbonbon/PROJECTS/BonBons-Busybox/Busybox_Compilers/i686/lib/libc.a)select.o
(/media/devbonbon/PROJECTS/BonBons-Busybox/Busybox_Compilers/i686/lib/libc.a)longjmp.o
(/media/devbonbon/PROJECTS/BonBons-Busybox/Busybox_Compilers/i686/lib/libc.a)setjmp.o
(/media/devbonbon/PROJECTS/BonBons-Busybox/Busybox_Compilers/i686/lib/libc.a)block.o
(/media/devbonbon/PROJECTS/BonBons-Busybox/Busybox_Compilers/i686/lib/libc.a)kill.o
(/media/devbonbon/PROJECTS/BonBons-Busybox/Busybox_Compilers/i686/lib/libc.a)killpg.o
(/media/devbonbon/PROJECTS/BonBons-Busybox/Busybox_Compilers/i686/lib/libc.a)raise.o
(/media/devbonbon/PROJECTS/BonBons-Busybox/Busybox_Compilers/i686/lib/libc.a)sigaction.o
(/media/devbonbon/PROJECTS/BonBons-Busybox/Busybox_Compilers/i686/lib/libc.a)sigaddset.o
(/media/devbonbon/PROJECTS/BonBons-Busybox/Busybox_Compilers/i686/lib/libc.a)sigdelset.o
(/media/devbonbon/PROJECTS/BonBons-Busybox/Busybox_Compilers/i686/lib/libc.a)sigemptyset.o
(/media/devbonbon/PROJECTS/BonBons-Busybox/Busybox_Compilers/i686/lib/libc.a)sigfillset.o
(/media/devbonbon/PROJECTS/BonBons-Busybox/Busybox_Compilers/i686/lib/libc.a)sigisemptyset.o
(/media/devbonbon/PROJECTS/BonBons-Busybox/Busybox_Compilers/i686/lib/libc.a)sigismember.o
(/media/devbonbon/PROJECTS/BonBons-Busybox/Busybox_Compilers/i686/lib/libc.a)siglongjmp.o
(/media/devbonbon/PROJECTS/BonBons-Busybox/Busybox_Compilers/i686/lib/libc.a)signal.o
(/media/devbonbon/PROJECTS/BonBons-Busybox/Busybox_Compilers/i686/lib/libc.a)sigprocmask.o
(/media/devbonbon/PROJECTS/BonBons-Busybox/Busybox_Compilers/i686/lib/libc.a)sigrtmax.o
(/media/devbonbon/PROJECTS/BonBons-Busybox/Busybox_Compilers/i686/lib/libc.a)sigrtmin.o
(/media/devbonbon/PROJECTS/BonBons-Busybox/Busybox_Compilers/i686/lib/libc.a)sigsetjmp.o
(/media/devbonbon/PROJECTS/BonBons-Busybox/Busybox_Compilers/i686/lib/libc.a)sigsetjmp_tail.o
(/media/devbonbon/PROJECTS/BonBons-Busybox/Busybox_Compilers/i686/lib/libc.a)sigsuspend.o
(/media/devbonbon/PROJECTS/BonBons-Busybox/Busybox_Compilers/i686/lib/libc.a)sigtimedwait.o
(/media/devbonbon/PROJECTS/BonBons-Busybox/Busybox_Compilers/i686/lib/libc.a)chmod.o
(/media/devbonbon/PROJECTS/BonBons-Busybox/Busybox_Compilers/i686/lib/libc.a)fchmod.o
(/media/devbonbon/PROJECTS/BonBons-Busybox/Busybox_Compilers/i686/lib/libc.a)fstat.o
(/media/devbonbon/PROJECTS/BonBons-Busybox/Busybox_Compilers/i686/lib/libc.a)futimesat.o
(/media/devbonbon/PROJECTS/BonBons-Busybox/Busybox_Compilers/i686/lib/libc.a)lstat.o
(/media/devbonbon/PROJECTS/BonBons-Busybox/Busybox_Compilers/i686/lib/libc.a)mkdir.o
(/media/devbonbon/PROJECTS/BonBons-Busybox/Busybox_Compilers/i686/lib/libc.a)mkfifo.o
(/media/devbonbon/PROJECTS/BonBons-Busybox/Busybox_Compilers/i686/lib/libc.a)mknod.o
(/media/devbonbon/PROJECTS/BonBons-Busybox/Busybox_Compilers/i686/lib/libc.a)stat.o
(/media/devbonbon/PROJECTS/BonBons-Busybox/Busybox_Compilers/i686/lib/libc.a)statvfs.o
(/media/devbonbon/PROJECTS/BonBons-Busybox/Busybox_Compilers/i686/lib/libc.a)umask.o
(/media/devbonbon/PROJECTS/BonBons-Busybox/Busybox_Compilers/i686/lib/libc.a)utimensat.o
(/media/devbonbon/PROJECTS/BonBons-Busybox/Busybox_Compilers/i686/lib/libc.a)__fclose_ca.o
(/media/devbonbon/PROJECTS/BonBons-Busybox/Busybox_Compilers/i686/lib/libc.a)__fdopen.o
(/media/devbonbon/PROJECTS/BonBons-Busybox/Busybox_Compilers/i686/lib/libc.a)__fopen_rb_ca.o
(/media/devbonbon/PROJECTS/BonBons-Busybox/Busybox_Compilers/i686/lib/libc.a)__stdio_close.o
(/media/devbonbon/PROJECTS/BonBons-Busybox/Busybox_Compilers/i686/lib/libc.a)__stdio_read.o
(/media/devbonbon/PROJECTS/BonBons-Busybox/Busybox_Compilers/i686/lib/libc.a)__stdio_seek.o
(/media/devbonbon/PROJECTS/BonBons-Busybox/Busybox_Compilers/i686/lib/libc.a)__stdio_write.o
(/media/devbonbon/PROJECTS/BonBons-Busybox/Busybox_Compilers/i686/lib/libc.a)clearerr.o
(/media/devbonbon/PROJECTS/BonBons-Busybox/Busybox_Compilers/i686/lib/libc.a)dprintf.o
(/media/devbonbon/PROJECTS/BonBons-Busybox/Busybox_Compilers/i686/lib/libc.a)fclose.o
(/media/devbonbon/PROJECTS/BonBons-Busybox/Busybox_Compilers/i686/lib/libc.a)feof.o
(/media/devbonbon/PROJECTS/BonBons-Busybox/Busybox_Compilers/i686/lib/libc.a)ferror.o
(/media/devbonbon/PROJECTS/BonBons-Busybox/Busybox_Compilers/i686/lib/libc.a)fflush.o
(/media/devbonbon/PROJECTS/BonBons-Busybox/Busybox_Compilers/i686/lib/libc.a)fgets.o
(/media/devbonbon/PROJECTS/BonBons-Busybox/Busybox_Compilers/i686/lib/libc.a)fileno.o
(/media/devbonbon/PROJECTS/BonBons-Busybox/Busybox_Compilers/i686/lib/libc.a)flockfile.o
(/media/devbonbon/PROJECTS/BonBons-Busybox/Busybox_Compilers/i686/lib/libc.a)fopen.o
(/media/devbonbon/PROJECTS/BonBons-Busybox/Busybox_Compilers/i686/lib/libc.a)fprintf.o
(/media/devbonbon/PROJECTS/BonBons-Busybox/Busybox_Compilers/i686/lib/libc.a)fputs.o
(/media/devbonbon/PROJECTS/BonBons-Busybox/Busybox_Compilers/i686/lib/libc.a)fread.o
(/media/devbonbon/PROJECTS/BonBons-Busybox/Busybox_Compilers/i686/lib/libc.a)freopen.o
(/media/devbonbon/PROJECTS/BonBons-Busybox/Busybox_Compilers/i686/lib/libc.a)fscanf.o
(/media/devbonbon/PROJECTS/BonBons-Busybox/Busybox_Compilers/i686/lib/libc.a)fseek.o
(/media/devbonbon/PROJECTS/BonBons-Busybox/Busybox_Compilers/i686/lib/libc.a)ftell.o
(/media/devbonbon/PROJECTS/BonBons-Busybox/Busybox_Compilers/i686/lib/libc.a)ftrylockfile.o
(/media/devbonbon/PROJECTS/BonBons-Busybox/Busybox_Compilers/i686/lib/libc.a)funlockfile.o
(/media/devbonbon/PROJECTS/BonBons-Busybox/Busybox_Compilers/i686/lib/libc.a)fwrite.o
(/media/devbonbon/PROJECTS/BonBons-Busybox/Busybox_Compilers/i686/lib/libc.a)getc_unlocked.o
(/media/devbonbon/PROJECTS/BonBons-Busybox/Busybox_Compilers/i686/lib/libc.a)getchar_unlocked.o
(/media/devbonbon/PROJECTS/BonBons-Busybox/Busybox_Compilers/i686/lib/libc.a)getline.o
(/media/devbonbon/PROJECTS/BonBons-Busybox/Busybox_Compilers/i686/lib/libc.a)ofl.o
(/media/devbonbon/PROJECTS/BonBons-Busybox/Busybox_Compilers/i686/lib/libc.a)ofl_add.o
(/media/devbonbon/PROJECTS/BonBons-Busybox/Busybox_Compilers/i686/lib/libc.a)pclose.o
(/media/devbonbon/PROJECTS/BonBons-Busybox/Busybox_Compilers/i686/lib/libc.a)popen.o
(/media/devbonbon/PROJECTS/BonBons-Busybox/Busybox_Compilers/i686/lib/libc.a)printf.o
(/media/devbonbon/PROJECTS/BonBons-Busybox/Busybox_Compilers/i686/lib/libc.a)putc.o
(/media/devbonbon/PROJECTS/BonBons-Busybox/Busybox_Compilers/i686/lib/libc.a)putc_unlocked.o
(/media/devbonbon/PROJECTS/BonBons-Busybox/Busybox_Compilers/i686/lib/libc.a)putchar_unlocked.o
(/media/devbonbon/PROJECTS/BonBons-Busybox/Busybox_Compilers/i686/lib/libc.a)puts.o
(/media/devbonbon/PROJECTS/BonBons-Busybox/Busybox_Compilers/i686/lib/libc.a)rename.o
(/media/devbonbon/PROJECTS/BonBons-Busybox/Busybox_Compilers/i686/lib/libc.a)scanf.o
(/media/devbonbon/PROJECTS/BonBons-Busybox/Busybox_Compilers/i686/lib/libc.a)setbuf.o
(/media/devbonbon/PROJECTS/BonBons-Busybox/Busybox_Compilers/i686/lib/libc.a)setvbuf.o
(/media/devbonbon/PROJECTS/BonBons-Busybox/Busybox_Compilers/i686/lib/libc.a)snprintf.o
(/media/devbonbon/PROJECTS/BonBons-Busybox/Busybox_Compilers/i686/lib/libc.a)sprintf.o
(/media/devbonbon/PROJECTS/BonBons-Busybox/Busybox_Compilers/i686/lib/libc.a)sscanf.o
(/media/devbonbon/PROJECTS/BonBons-Busybox/Busybox_Compilers/i686/lib/libc.a)stderr.o
(/media/devbonbon/PROJECTS/BonBons-Busybox/Busybox_Compilers/i686/lib/libc.a)stdin.o
(/media/devbonbon/PROJECTS/BonBons-Busybox/Busybox_Compilers/i686/lib/libc.a)stdout.o
(/media/devbonbon/PROJECTS/BonBons-Busybox/Busybox_Compilers/i686/lib/libc.a)ungetc.o
(/media/devbonbon/PROJECTS/BonBons-Busybox/Busybox_Compilers/i686/lib/libc.a)vasprintf.o
(/media/devbonbon/PROJECTS/BonBons-Busybox/Busybox_Compilers/i686/lib/libc.a)vdprintf.o
(/media/devbonbon/PROJECTS/BonBons-Busybox/Busybox_Compilers/i686/lib/libc.a)vfprintf.o
(/media/devbonbon/PROJECTS/BonBons-Busybox/Busybox_Compilers/i686/lib/libc.a)vfscanf.o
(/media/devbonbon/PROJECTS/BonBons-Busybox/Busybox_Compilers/i686/lib/libc.a)vprintf.o
(/media/devbonbon/PROJECTS/BonBons-Busybox/Busybox_Compilers/i686/lib/libc.a)vscanf.o
(/media/devbonbon/PROJECTS/BonBons-Busybox/Busybox_Compilers/i686/lib/libc.a)vsnprintf.o
(/media/devbonbon/PROJECTS/BonBons-Busybox/Busybox_Compilers/i686/lib/libc.a)vsprintf.o
(/media/devbonbon/PROJECTS/BonBons-Busybox/Busybox_Compilers/i686/lib/libc.a)vsscanf.o
(/media/devbonbon/PROJECTS/BonBons-Busybox/Busybox_Compilers/i686/lib/libc.a)atof.o
(/media/devbonbon/PROJECTS/BonBons-Busybox/Busybox_Compilers/i686/lib/libc.a)atoi.o
(/media/devbonbon/PROJECTS/BonBons-Busybox/Busybox_Compilers/i686/lib/libc.a)atoll.o
(/media/devbonbon/PROJECTS/BonBons-Busybox/Busybox_Compilers/i686/lib/libc.a)bsearch.o
(/media/devbonbon/PROJECTS/BonBons-Busybox/Busybox_Compilers/i686/lib/libc.a)div.o
(/media/devbonbon/PROJECTS/BonBons-Busybox/Busybox_Compilers/i686/lib/libc.a)qsort.o
(/media/devbonbon/PROJECTS/BonBons-Busybox/Busybox_Compilers/i686/lib/libc.a)strtod.o
(/media/devbonbon/PROJECTS/BonBons-Busybox/Busybox_Compilers/i686/lib/libc.a)strtol.o
(/media/devbonbon/PROJECTS/BonBons-Busybox/Busybox_Compilers/i686/lib/libc.a)memchr.o
(/media/devbonbon/PROJECTS/BonBons-Busybox/Busybox_Compilers/i686/lib/libc.a)memcmp.o
(/media/devbonbon/PROJECTS/BonBons-Busybox/Busybox_Compilers/i686/lib/libc.a)memcpy.o
(/media/devbonbon/PROJECTS/BonBons-Busybox/Busybox_Compilers/i686/lib/libc.a)memmove.o
(/media/devbonbon/PROJECTS/BonBons-Busybox/Busybox_Compilers/i686/lib/libc.a)mempcpy.o
(/media/devbonbon/PROJECTS/BonBons-Busybox/Busybox_Compilers/i686/lib/libc.a)memrchr.o
(/media/devbonbon/PROJECTS/BonBons-Busybox/Busybox_Compilers/i686/lib/libc.a)memset.o
(/media/devbonbon/PROJECTS/BonBons-Busybox/Busybox_Compilers/i686/lib/libc.a)stpcpy.o
(/media/devbonbon/PROJECTS/BonBons-Busybox/Busybox_Compilers/i686/lib/libc.a)strcasecmp.o
(/media/devbonbon/PROJECTS/BonBons-Busybox/Busybox_Compilers/i686/lib/libc.a)strcasestr.o
(/media/devbonbon/PROJECTS/BonBons-Busybox/Busybox_Compilers/i686/lib/libc.a)strcat.o
(/media/devbonbon/PROJECTS/BonBons-Busybox/Busybox_Compilers/i686/lib/libc.a)strchr.o
(/media/devbonbon/PROJECTS/BonBons-Busybox/Busybox_Compilers/i686/lib/libc.a)strchrnul.o
(/media/devbonbon/PROJECTS/BonBons-Busybox/Busybox_Compilers/i686/lib/libc.a)strcmp.o
(/media/devbonbon/PROJECTS/BonBons-Busybox/Busybox_Compilers/i686/lib/libc.a)strcpy.o
(/media/devbonbon/PROJECTS/BonBons-Busybox/Busybox_Compilers/i686/lib/libc.a)strcspn.o
(/media/devbonbon/PROJECTS/BonBons-Busybox/Busybox_Compilers/i686/lib/libc.a)strdup.o
(/media/devbonbon/PROJECTS/BonBons-Busybox/Busybox_Compilers/i686/lib/libc.a)strlen.o
(/media/devbonbon/PROJECTS/BonBons-Busybox/Busybox_Compilers/i686/lib/libc.a)strncasecmp.o
(/media/devbonbon/PROJECTS/BonBons-Busybox/Busybox_Compilers/i686/lib/libc.a)strncmp.o
(/media/devbonbon/PROJECTS/BonBons-Busybox/Busybox_Compilers/i686/lib/libc.a)strncpy.o
(/media/devbonbon/PROJECTS/BonBons-Busybox/Busybox_Compilers/i686/lib/libc.a)strnlen.o
(/media/devbonbon/PROJECTS/BonBons-Busybox/Busybox_Compilers/i686/lib/libc.a)strpbrk.o
(/media/devbonbon/PROJECTS/BonBons-Busybox/Busybox_Compilers/i686/lib/libc.a)strrchr.o
(/media/devbonbon/PROJECTS/BonBons-Busybox/Busybox_Compilers/i686/lib/libc.a)strsep.o
(/media/devbonbon/PROJECTS/BonBons-Busybox/Busybox_Compilers/i686/lib/libc.a)strsignal.o
(/media/devbonbon/PROJECTS/BonBons-Busybox/Busybox_Compilers/i686/lib/libc.a)strspn.o
(/media/devbonbon/PROJECTS/BonBons-Busybox/Busybox_Compilers/i686/lib/libc.a)strstr.o
(/media/devbonbon/PROJECTS/BonBons-Busybox/Busybox_Compilers/i686/lib/libc.a)strtok.o
(/media/devbonbon/PROJECTS/BonBons-Busybox/Busybox_Compilers/i686/lib/libc.a)strverscmp.o
(/media/devbonbon/PROJECTS/BonBons-Busybox/Busybox_Compilers/i686/lib/libc.a)mkdtemp.o
(/media/devbonbon/PROJECTS/BonBons-Busybox/Busybox_Compilers/i686/lib/libc.a)mkstemp.o
(/media/devbonbon/PROJECTS/BonBons-Busybox/Busybox_Compilers/i686/lib/libc.a)mktemp.o
(/media/devbonbon/PROJECTS/BonBons-Busybox/Busybox_Compilers/i686/lib/libc.a)cfgetospeed.o
(/media/devbonbon/PROJECTS/BonBons-Busybox/Busybox_Compilers/i686/lib/libc.a)cfmakeraw.o
(/media/devbonbon/PROJECTS/BonBons-Busybox/Busybox_Compilers/i686/lib/libc.a)cfsetospeed.o
(/media/devbonbon/PROJECTS/BonBons-Busybox/Busybox_Compilers/i686/lib/libc.a)tcdrain.o
(/media/devbonbon/PROJECTS/BonBons-Busybox/Busybox_Compilers/i686/lib/libc.a)tcflush.o
(/media/devbonbon/PROJECTS/BonBons-Busybox/Busybox_Compilers/i686/lib/libc.a)tcgetattr.o
(/media/devbonbon/PROJECTS/BonBons-Busybox/Busybox_Compilers/i686/lib/libc.a)tcgetsid.o
(/media/devbonbon/PROJECTS/BonBons-Busybox/Busybox_Compilers/i686/lib/libc.a)tcsendbreak.o
(/media/devbonbon/PROJECTS/BonBons-Busybox/Busybox_Compilers/i686/lib/libc.a)tcsetattr.o
(/media/devbonbon/PROJECTS/BonBons-Busybox/Busybox_Compilers/i686/lib/libc.a)__lock.o
(/media/devbonbon/PROJECTS/BonBons-Busybox/Busybox_Compilers/i686/lib/libc.a)__syscall_cp.o
(/media/devbonbon/PROJECTS/BonBons-Busybox/Busybox_Compilers/i686/lib/libc.a)__wait.o
(/media/devbonbon/PROJECTS/BonBons-Busybox/Busybox_Compilers/i686/lib/libc.a)pthread_cleanup_push.o
(/media/devbonbon/PROJECTS/BonBons-Busybox/Busybox_Compilers/i686/lib/libc.a)pthread_setcancelstate.o
(/media/devbonbon/PROJECTS/BonBons-Busybox/Busybox_Compilers/i686/lib/libc.a)pthread_sigmask.o
(/media/devbonbon/PROJECTS/BonBons-Busybox/Busybox_Compilers/i686/lib/libc.a)pthread_testcancel.o
(/media/devbonbon/PROJECTS/BonBons-Busybox/Busybox_Compilers/i686/lib/libc.a)synccall.o
(/media/devbonbon/PROJECTS/BonBons-Busybox/Busybox_Compilers/i686/lib/libc.a)__tz.o
(/media/devbonbon/PROJECTS/BonBons-Busybox/Busybox_Compilers/i686/lib/libc.a)__year_to_secs.o
(/media/devbonbon/PROJECTS/BonBons-Busybox/Busybox_Compilers/i686/lib/libc.a)clock_gettime.o
(/media/devbonbon/PROJECTS/BonBons-Busybox/Busybox_Compilers/i686/lib/libc.a)ctime.o
(/media/devbonbon/PROJECTS/BonBons-Busybox/Busybox_Compilers/i686/lib/libc.a)gettimeofday.o
(/media/devbonbon/PROJECTS/BonBons-Busybox/Busybox_Compilers/i686/lib/libc.a)gmtime.o
(/media/devbonbon/PROJECTS/BonBons-Busybox/Busybox_Compilers/i686/lib/libc.a)gmtime_r.o
(/media/devbonbon/PROJECTS/BonBons-Busybox/Busybox_Compilers/i686/lib/libc.a)localtime.o
(/media/devbonbon/PROJECTS/BonBons-Busybox/Busybox_Compilers/i686/lib/libc.a)localtime_r.o
(/media/devbonbon/PROJECTS/BonBons-Busybox/Busybox_Compilers/i686/lib/libc.a)mktime.o
(/media/devbonbon/PROJECTS/BonBons-Busybox/Busybox_Compilers/i686/lib/libc.a)nanosleep.o
(/media/devbonbon/PROJECTS/BonBons-Busybox/Busybox_Compilers/i686/lib/libc.a)strftime.o
(/media/devbonbon/PROJECTS/BonBons-Busybox/Busybox_Compilers/i686/lib/libc.a)strptime.o
(/media/devbonbon/PROJECTS/BonBons-Busybox/Busybox_Compilers/i686/lib/libc.a)time.o
(/media/devbonbon/PROJECTS/BonBons-Busybox/Busybox_Compilers/i686/lib/libc.a)times.o
(/media/devbonbon/PROJECTS/BonBons-Busybox/Busybox_Compilers/i686/lib/libc.a)_exit.o
(/media/devbonbon/PROJECTS/BonBons-Busybox/Busybox_Compilers/i686/lib/libc.a)access.o
(/media/devbonbon/PROJECTS/BonBons-Busybox/Busybox_Compilers/i686/lib/libc.a)acct.o
(/media/devbonbon/PROJECTS/BonBons-Busybox/Busybox_Compilers/i686/lib/libc.a)alarm.o
(/media/devbonbon/PROJECTS/BonBons-Busybox/Busybox_Compilers/i686/lib/libc.a)chdir.o
(/media/devbonbon/PROJECTS/BonBons-Busybox/Busybox_Compilers/i686/lib/libc.a)chown.o
(/media/devbonbon/PROJECTS/BonBons-Busybox/Busybox_Compilers/i686/lib/libc.a)close.o
(/media/devbonbon/PROJECTS/BonBons-Busybox/Busybox_Compilers/i686/lib/libc.a)dup.o
(/media/devbonbon/PROJECTS/BonBons-Busybox/Busybox_Compilers/i686/lib/libc.a)dup2.o
(/media/devbonbon/PROJECTS/BonBons-Busybox/Busybox_Compilers/i686/lib/libc.a)dup3.o
(/media/devbonbon/PROJECTS/BonBons-Busybox/Busybox_Compilers/i686/lib/libc.a)fchdir.o
(/media/devbonbon/PROJECTS/BonBons-Busybox/Busybox_Compilers/i686/lib/libc.a)fchown.o
(/media/devbonbon/PROJECTS/BonBons-Busybox/Busybox_Compilers/i686/lib/libc.a)fdatasync.o
(/media/devbonbon/PROJECTS/BonBons-Busybox/Busybox_Compilers/i686/lib/libc.a)fsync.o
(/media/devbonbon/PROJECTS/BonBons-Busybox/Busybox_Compilers/i686/lib/libc.a)ftruncate.o
(/media/devbonbon/PROJECTS/BonBons-Busybox/Busybox_Compilers/i686/lib/libc.a)getcwd.o
(/media/devbonbon/PROJECTS/BonBons-Busybox/Busybox_Compilers/i686/lib/libc.a)getegid.o
(/media/devbonbon/PROJECTS/BonBons-Busybox/Busybox_Compilers/i686/lib/libc.a)geteuid.o
(/media/devbonbon/PROJECTS/BonBons-Busybox/Busybox_Compilers/i686/lib/libc.a)getgid.o
(/media/devbonbon/PROJECTS/BonBons-Busybox/Busybox_Compilers/i686/lib/libc.a)getgroups.o
(/media/devbonbon/PROJECTS/BonBons-Busybox/Busybox_Compilers/i686/lib/libc.a)getpgrp.o
(/media/devbonbon/PROJECTS/BonBons-Busybox/Busybox_Compilers/i686/lib/libc.a)getpid.o
(/media/devbonbon/PROJECTS/BonBons-Busybox/Busybox_Compilers/i686/lib/libc.a)getppid.o
(/media/devbonbon/PROJECTS/BonBons-Busybox/Busybox_Compilers/i686/lib/libc.a)getsid.o
(/media/devbonbon/PROJECTS/BonBons-Busybox/Busybox_Compilers/i686/lib/libc.a)getuid.o
(/media/devbonbon/PROJECTS/BonBons-Busybox/Busybox_Compilers/i686/lib/libc.a)isatty.o
(/media/devbonbon/PROJECTS/BonBons-Busybox/Busybox_Compilers/i686/lib/libc.a)lchown.o
(/media/devbonbon/PROJECTS/BonBons-Busybox/Busybox_Compilers/i686/lib/libc.a)link.o
(/media/devbonbon/PROJECTS/BonBons-Busybox/Busybox_Compilers/i686/lib/libc.a)lseek.o
(/media/devbonbon/PROJECTS/BonBons-Busybox/Busybox_Compilers/i686/lib/libc.a)nice.o
(/media/devbonbon/PROJECTS/BonBons-Busybox/Busybox_Compilers/i686/lib/libc.a)pause.o
(/media/devbonbon/PROJECTS/BonBons-Busybox/Busybox_Compilers/i686/lib/libc.a)pipe.o
(/media/devbonbon/PROJECTS/BonBons-Busybox/Busybox_Compilers/i686/lib/libc.a)pipe2.o
(/media/devbonbon/PROJECTS/BonBons-Busybox/Busybox_Compilers/i686/lib/libc.a)pread.o
(/media/devbonbon/PROJECTS/BonBons-Busybox/Busybox_Compilers/i686/lib/libc.a)read.o
(/media/devbonbon/PROJECTS/BonBons-Busybox/Busybox_Compilers/i686/lib/libc.a)readlink.o
(/media/devbonbon/PROJECTS/BonBons-Busybox/Busybox_Compilers/i686/lib/libc.a)rmdir.o
(/media/devbonbon/PROJECTS/BonBons-Busybox/Busybox_Compilers/i686/lib/libc.a)setegid.o
(/media/devbonbon/PROJECTS/BonBons-Busybox/Busybox_Compilers/i686/lib/libc.a)seteuid.o
(/media/devbonbon/PROJECTS/BonBons-Busybox/Busybox_Compilers/i686/lib/libc.a)setgid.o
(/media/devbonbon/PROJECTS/BonBons-Busybox/Busybox_Compilers/i686/lib/libc.a)setpgid.o
(/media/devbonbon/PROJECTS/BonBons-Busybox/Busybox_Compilers/i686/lib/libc.a)setpgrp.o
(/media/devbonbon/PROJECTS/BonBons-Busybox/Busybox_Compilers/i686/lib/libc.a)setsid.o
(/media/devbonbon/PROJECTS/BonBons-Busybox/Busybox_Compilers/i686/lib/libc.a)setuid.o
(/media/devbonbon/PROJECTS/BonBons-Busybox/Busybox_Compilers/i686/lib/libc.a)setxid.o
(/media/devbonbon/PROJECTS/BonBons-Busybox/Busybox_Compilers/i686/lib/libc.a)sleep.o
(/media/devbonbon/PROJECTS/BonBons-Busybox/Busybox_Compilers/i686/lib/libc.a)symlink.o
(/media/devbonbon/PROJECTS/BonBons-Busybox/Busybox_Compilers/i686/lib/libc.a)sync.o
(/media/devbonbon/PROJECTS/BonBons-Busybox/Busybox_Compilers/i686/lib/libc.a)tcgetpgrp.o
(/media/devbonbon/PROJECTS/BonBons-Busybox/Busybox_Compilers/i686/lib/libc.a)tcsetpgrp.o
(/media/devbonbon/PROJECTS/BonBons-Busybox/Busybox_Compilers/i686/lib/libc.a)ttyname_r.o
(/media/devbonbon/PROJECTS/BonBons-Busybox/Busybox_Compilers/i686/lib/libc.a)unlink.o
(/media/devbonbon/PROJECTS/BonBons-Busybox/Busybox_Compilers/i686/lib/libc.a)usleep.o
(/media/devbonbon/PROJECTS/BonBons-Busybox/Busybox_Compilers/i686/lib/libc.a)write.o
(/media/devbonbon/PROJECTS/BonBons-Busybox/Busybox_Compilers/i686/lib/libc.a)crypt_blowfish.o
(/media/devbonbon/PROJECTS/BonBons-Busybox/Busybox_Compilers/i686/lib/libc.a)crypt_des.o
(/media/devbonbon/PROJECTS/BonBons-Busybox/Busybox_Compilers/i686/lib/libc.a)crypt_md5.o
(/media/devbonbon/PROJECTS/BonBons-Busybox/Busybox_Compilers/i686/lib/libc.a)isalnum.o
(/media/devbonbon/PROJECTS/BonBons-Busybox/Busybox_Compilers/i686/lib/libc.a)iswalnum.o
(/media/devbonbon/PROJECTS/BonBons-Busybox/Busybox_Compilers/i686/lib/libc.a)iswalpha.o
(/media/devbonbon/PROJECTS/BonBons-Busybox/Busybox_Compilers/i686/lib/libc.a)iswctype.o
(/media/devbonbon/PROJECTS/BonBons-Busybox/Busybox_Compilers/i686/lib/libc.a)iswgraph.o
(/media/devbonbon/PROJECTS/BonBons-Busybox/Busybox_Compilers/i686/lib/libc.a)iswlower.o
(/media/devbonbon/PROJECTS/BonBons-Busybox/Busybox_Compilers/i686/lib/libc.a)iswprint.o
(/media/devbonbon/PROJECTS/BonBons-Busybox/Busybox_Compilers/i686/lib/libc.a)iswpunct.o
(/media/devbonbon/PROJECTS/BonBons-Busybox/Busybox_Compilers/i686/lib/libc.a)iswspace.o
(/media/devbonbon/PROJECTS/BonBons-Busybox/Busybox_Compilers/i686/lib/libc.a)iswupper.o
(/media/devbonbon/PROJECTS/BonBons-Busybox/Busybox_Compilers/i686/lib/libc.a)iswxdigit.o
(/media/devbonbon/PROJECTS/BonBons-Busybox/Busybox_Compilers/i686/lib/libc.a)tolower.o
(/media/devbonbon/PROJECTS/BonBons-Busybox/Busybox_Compilers/i686/lib/libc.a)towctrans.o
(/media/devbonbon/PROJECTS/BonBons-Busybox/Busybox_Compilers/i686/lib/libc.a)readdir_r.o
(/media/devbonbon/PROJECTS/BonBons-Busybox/Busybox_Compilers/i686/lib/libc.a)rewinddir.o
(/media/devbonbon/PROJECTS/BonBons-Busybox/Busybox_Compilers/i686/lib/libc.a)__init_tls.o
(/media/devbonbon/PROJECTS/BonBons-Busybox/Busybox_Compilers/i686/lib/libc.a)_Exit.o
(/media/devbonbon/PROJECTS/BonBons-Busybox/Busybox_Compilers/i686/lib/libc.a)floatscan.o
(/media/devbonbon/PROJECTS/BonBons-Busybox/Busybox_Compilers/i686/lib/libc.a)intscan.o
(/media/devbonbon/PROJECTS/BonBons-Busybox/Busybox_Compilers/i686/lib/libc.a)procfdname.o
(/media/devbonbon/PROJECTS/BonBons-Busybox/Busybox_Compilers/i686/lib/libc.a)shgetc.o
(/media/devbonbon/PROJECTS/BonBons-Busybox/Busybox_Compilers/i686/lib/libc.a)vdso.o
(/media/devbonbon/PROJECTS/BonBons-Busybox/Busybox_Compilers/i686/lib/libc.a)langinfo.o
(/media/devbonbon/PROJECTS/BonBons-Busybox/Busybox_Compilers/i686/lib/libc.a)expand_heap.o
(/media/devbonbon/PROJECTS/BonBons-Busybox/Busybox_Compilers/i686/lib/libc.a)__cos.o
(/media/devbonbon/PROJECTS/BonBons-Busybox/Busybox_Compilers/i686/lib/libc.a)__fpclassifyl.o
(/media/devbonbon/PROJECTS/BonBons-Busybox/Busybox_Compilers/i686/lib/libc.a)__rem_pio2.o
(/media/devbonbon/PROJECTS/BonBons-Busybox/Busybox_Compilers/i686/lib/libc.a)__rem_pio2_large.o
(/media/devbonbon/PROJECTS/BonBons-Busybox/Busybox_Compilers/i686/lib/libc.a)__signbitl.o
(/media/devbonbon/PROJECTS/BonBons-Busybox/Busybox_Compilers/i686/lib/libc.a)__sin.o
(/media/devbonbon/PROJECTS/BonBons-Busybox/Busybox_Compilers/i686/lib/libc.a)copysignl.o
(/media/devbonbon/PROJECTS/BonBons-Busybox/Busybox_Compilers/i686/lib/libc.a)fabs.o
(/media/devbonbon/PROJECTS/BonBons-Busybox/Busybox_Compilers/i686/lib/libc.a)floor.o
(/media/devbonbon/PROJECTS/BonBons-Busybox/Busybox_Compilers/i686/lib/libc.a)fmodl.o
(/media/devbonbon/PROJECTS/BonBons-Busybox/Busybox_Compilers/i686/lib/libc.a)frexpl.o
(/media/devbonbon/PROJECTS/BonBons-Busybox/Busybox_Compilers/i686/lib/libc.a)scalbnl.o
(/media/devbonbon/PROJECTS/BonBons-Busybox/Busybox_Compilers/i686/lib/libc.a)internal.o
(/media/devbonbon/PROJECTS/BonBons-Busybox/Busybox_Compilers/i686/lib/libc.a)mbrtowc.o
(/media/devbonbon/PROJECTS/BonBons-Busybox/Busybox_Compilers/i686/lib/libc.a)mbsinit.o
(/media/devbonbon/PROJECTS/BonBons-Busybox/Busybox_Compilers/i686/lib/libc.a)mbstowcs.o
(/media/devbonbon/PROJECTS/BonBons-Busybox/Busybox_Compilers/i686/lib/libc.a)wctomb.o
(/media/devbonbon/PROJECTS/BonBons-Busybox/Busybox_Compilers/i686/lib/libc.a)dn_expand.o
(/media/devbonbon/PROJECTS/BonBons-Busybox/Busybox_Compilers/i686/lib/libc.a)dns_parse.o
(/media/devbonbon/PROJECTS/BonBons-Busybox/Busybox_Compilers/i686/lib/libc.a)getgr_a.o
(/media/devbonbon/PROJECTS/BonBons-Busybox/Busybox_Compilers/i686/lib/libc.a)getpw_a.o
(/media/devbonbon/PROJECTS/BonBons-Busybox/Busybox_Compilers/i686/lib/libc.a)posix_spawn.o
(/media/devbonbon/PROJECTS/BonBons-Busybox/Busybox_Compilers/i686/lib/libc.a)posix_spawn_file_actions_adddup2.o
(/media/devbonbon/PROJECTS/BonBons-Busybox/Busybox_Compilers/i686/lib/libc.a)posix_spawn_file_actions_destroy.o
(/media/devbonbon/PROJECTS/BonBons-Busybox/Busybox_Compilers/i686/lib/libc.a)posix_spawn_file_actions_init.o
(/media/devbonbon/PROJECTS/BonBons-Busybox/Busybox_Compilers/i686/lib/libc.a)posix_spawnattr_destroy.o
(/media/devbonbon/PROJECTS/BonBons-Busybox/Busybox_Compilers/i686/lib/libc.a)posix_spawnattr_init.o
(/media/devbonbon/PROJECTS/BonBons-Busybox/Busybox_Compilers/i686/lib/libc.a)posix_spawnattr_setflags.o
(/media/devbonbon/PROJECTS/BonBons-Busybox/Busybox_Compilers/i686/lib/libc.a)posix_spawnattr_setsigdefault.o
(/media/devbonbon/PROJECTS/BonBons-Busybox/Busybox_Compilers/i686/lib/libc.a)posix_spawnattr_setsigmask.o
(/media/devbonbon/PROJECTS/BonBons-Busybox/Busybox_Compilers/i686/lib/libc.a)restore.o
(/media/devbonbon/PROJECTS/BonBons-Busybox/Busybox_Compilers/i686/lib/libc.a)__fmodeflags.o
(/media/devbonbon/PROJECTS/BonBons-Busybox/Busybox_Compilers/i686/lib/libc.a)__lockfile.o
(/media/devbonbon/PROJECTS/BonBons-Busybox/Busybox_Compilers/i686/lib/libc.a)__overflow.o
(/media/devbonbon/PROJECTS/BonBons-Busybox/Busybox_Compilers/i686/lib/libc.a)__stdout_write.o
(/media/devbonbon/PROJECTS/BonBons-Busybox/Busybox_Compilers/i686/lib/libc.a)__string_read.o
(/media/devbonbon/PROJECTS/BonBons-Busybox/Busybox_Compilers/i686/lib/libc.a)__toread.o
(/media/devbonbon/PROJECTS/BonBons-Busybox/Busybox_Compilers/i686/lib/libc.a)__towrite.o
(/media/devbonbon/PROJECTS/BonBons-Busybox/Busybox_Compilers/i686/lib/libc.a)__uflow.o
(/media/devbonbon/PROJECTS/BonBons-Busybox/Busybox_Compilers/i686/lib/libc.a)getdelim.o
(/media/devbonbon/PROJECTS/BonBons-Busybox/Busybox_Compilers/i686/lib/libc.a)abs.o
(/media/devbonbon/PROJECTS/BonBons-Busybox/Busybox_Compilers/i686/lib/libc.a)stpncpy.o
(/media/devbonbon/PROJECTS/BonBons-Busybox/Busybox_Compilers/i686/lib/libc.a)wcschr.o
(/media/devbonbon/PROJECTS/BonBons-Busybox/Busybox_Compilers/i686/lib/libc.a)wcslen.o
(/media/devbonbon/PROJECTS/BonBons-Busybox/Busybox_Compilers/i686/lib/libc.a)__randname.o
(/media/devbonbon/PROJECTS/BonBons-Busybox/Busybox_Compilers/i686/lib/libc.a)mkostemps.o
(/media/devbonbon/PROJECTS/BonBons-Busybox/Busybox_Compilers/i686/lib/libc.a)__set_thread_area.o
(/media/devbonbon/PROJECTS/BonBons-Busybox/Busybox_Compilers/i686/lib/libc.a)clone.o
(/media/devbonbon/PROJECTS/BonBons-Busybox/Busybox_Compilers/i686/lib/libc.a)sem_init.o
(/media/devbonbon/PROJECTS/BonBons-Busybox/Busybox_Compilers/i686/lib/libc.a)sem_post.o
(/media/devbonbon/PROJECTS/BonBons-Busybox/Busybox_Compilers/i686/lib/libc.a)sem_wait.o
(/media/devbonbon/PROJECTS/BonBons-Busybox/Busybox_Compilers/i686/lib/libc.a)__map_file.o
(/media/devbonbon/PROJECTS/BonBons-Busybox/Busybox_Compilers/i686/lib/libc.a)__month_to_secs.o
(/media/devbonbon/PROJECTS/BonBons-Busybox/Busybox_Compilers/i686/lib/libc.a)__secs_to_tm.o
(/media/devbonbon/PROJECTS/BonBons-Busybox/Busybox_Compilers/i686/lib/libc.a)__tm_to_secs.o
(/media/devbonbon/PROJECTS/BonBons-Busybox/Busybox_Compilers/i686/lib/libc.a)asctime.o
(/media/devbonbon/PROJECTS/BonBons-Busybox/Busybox_Compilers/i686/lib/libc.a)iswblank.o
(/media/devbonbon/PROJECTS/BonBons-Busybox/Busybox_Compilers/i686/lib/libc.a)iswcntrl.o
(/media/devbonbon/PROJECTS/BonBons-Busybox/Busybox_Compilers/i686/lib/libc.a)mbsrtowcs.o
(/media/devbonbon/PROJECTS/BonBons-Busybox/Busybox_Compilers/i686/lib/libc.a)wcrtomb.o
(/media/devbonbon/PROJECTS/BonBons-Busybox/Busybox_Compilers/i686/lib/libc.a)__stdio_exit.o
(/media/devbonbon/PROJECTS/BonBons-Busybox/Busybox_Compilers/i686/lib/libc.a)sem_timedwait.o
(/media/devbonbon/PROJECTS/BonBons-Busybox/Busybox_Compilers/i686/lib/libc.a)sem_trywait.o
(/media/devbonbon/PROJECTS/BonBons-Busybox/Busybox_Compilers/i686/lib/libc.a)__asctime.o
(/media/devbonbon/PROJECTS/BonBons-Busybox/Busybox_Compilers/i686/lib/libc.a)isblank.o
(/media/devbonbon/PROJECTS/BonBons-Busybox/Busybox_Compilers/i686/lib/libc.a)__timedwait.o
attempt to open /media/devbonbon/PROJECTS/BonBons-Busybox/Busybox_Compilers/i686/cc/lib/crtend.o succeeded
/media/devbonbon/PROJECTS/BonBons-Busybox/Busybox_Compilers/i686/cc/lib/crtend.o
attempt to open /media/devbonbon/PROJECTS/BonBons-Busybox/Busybox_Compilers/i686/lib/crtn.o succeeded
/media/devbonbon/PROJECTS/BonBons-Busybox/Busybox_Compilers/i686/lib/crtn.o
